<?xml version="1.0" encoding="UTF-8"?>
<!-- Generated by org.testng.reporters.JUnitReportReporter -->
<testsuite skipped="0" hostname="parinder-TP550LAB" name="Validation_Test.Header_Validation" tests="1" failures="0" timestamp="26 Oct 2018 17:02:00 GMT" time="3.791" errors="0">
  <testcase name="header_validate" time="3.791" classname="Validation_Test.Header_Validation"/>
</testsuite> <!-- Validation_Test.Header_Validation -->
