<?xml version="1.0" encoding="UTF-8"?>
<!-- Generated by org.testng.reporters.JUnitReportReporter -->
<testsuite skipped="0" hostname="parinder-TP550LAB" name="Post_Request.addPlacEdelete" tests="1" failures="0" timestamp="15 Nov 2018 02:36:28 GMT" time="3.974" errors="0">
  <testcase name="addplacedelete" time="3.974" classname="Post_Request.addPlacEdelete"/>
</testsuite> <!-- Post_Request.addPlacEdelete -->
