<?xml version="1.0" encoding="UTF-8"?>
<!-- Generated by org.testng.reporters.JUnitReportReporter -->
<testsuite skipped="0" hostname="parinder-TP550LAB" name="JIRA_Automation.Update_Comment" tests="1" failures="0" timestamp="27 Oct 2018 19:41:40 GMT" time="2.876" errors="0">
  <testcase name="auth" time="2.876" classname="JIRA_Automation.Update_Comment"/>
</testsuite> <!-- JIRA_Automation.Update_Comment -->
