<?xml version="1.0" encoding="UTF-8"?>
<!-- Generated by org.testng.reporters.JUnitReportReporter -->
<testsuite skipped="0" hostname="parinder-TP550LAB" name="Get_Request.Get_Search_Place" tests="1" failures="0" timestamp="17 Oct 2018 15:14:14 GMT" time="3.552" errors="0">
  <testcase name="search" time="3.552" classname="Get_Request.Get_Search_Place"/>
</testsuite> <!-- Get_Request.Get_Search_Place -->
