<?xml version="1.0" encoding="UTF-8"?>
<!-- Generated by org.testng.reporters.JUnitReportReporter -->
<testsuite skipped="0" hostname="parinder-TP550LAB" name="JIRA_Automation.Create_Issue" tests="1" failures="0" timestamp="27 Oct 2018 19:15:21 GMT" time="2.495" errors="0">
  <testcase name="auth" time="2.495" classname="JIRA_Automation.Create_Issue"/>
</testsuite> <!-- JIRA_Automation.Create_Issue -->
